2025-02-25 20:28:18,095:WARNING:
'cuml' is a soft dependency and not included in the pycaret installation. Please run: `pip install cuml` to install.
2025-02-25 20:28:18,095:WARNING:
'cuml' is a soft dependency and not included in the pycaret installation. Please run: `pip install cuml` to install.
2025-02-25 20:28:18,095:WARNING:
'cuml' is a soft dependency and not included in the pycaret installation. Please run: `pip install cuml` to install.
2025-02-25 20:28:18,095:WARNING:
'cuml' is a soft dependency and not included in the pycaret installation. Please run: `pip install cuml` to install.
2025-02-25 20:28:25,484:INFO:Initializing load_model()
2025-02-25 20:28:25,484:INFO:load_model(model_name=xinrui/models/final_wheat_seeds_model, platform=None, authentication=None, verbose=True)
2025-02-25 20:31:05,026:WARNING:
'cuml' is a soft dependency and not included in the pycaret installation. Please run: `pip install cuml` to install.
2025-02-25 20:31:05,026:WARNING:
'cuml' is a soft dependency and not included in the pycaret installation. Please run: `pip install cuml` to install.
2025-02-25 20:31:05,026:WARNING:
'cuml' is a soft dependency and not included in the pycaret installation. Please run: `pip install cuml` to install.
2025-02-25 20:31:05,026:WARNING:
'cuml' is a soft dependency and not included in the pycaret installation. Please run: `pip install cuml` to install.
2025-02-25 20:31:06,250:INFO:Initializing load_model()
2025-02-25 20:31:06,250:INFO:load_model(model_name=C:\Users\user\Downloads\mlops-assignment-main\mlops-assignment-main\xinrui/models/final_wheat_seeds_model, platform=None, authentication=None, verbose=True)
2025-02-25 20:31:06,763:WARNING:C:\Users\user\AppData\Local\Packages\PythonSoftwareFoundation.Python.3.11_qbz5n2kfra8p0\LocalCache\local-packages\Python311\site-packages\pycaret\internal\pipeline.py:148: UserWarning: Version mismatch:
current: {'deps_info': {'pip': '24.0', 'setuptools': '65.5.0', 'pycaret': '3.3.2', 'IPython': '8.28.0', 'ipywidgets': '8.1.5', 'tqdm': '4.67.1', 'numpy': '1.26.4', 'pandas': '2.1.4', 'jinja2': '3.1.4', 'scipy': '1.11.4', 'joblib': '1.3.2', 'sklearn': '1.4.2', 'pyod': '2.0.3', 'imblearn': '0.13.0', 'category_encoders': '2.7.0', 'lightgbm': '4.6.0', 'numba': '0.61.0', 'requests': '2.32.3', 'matplotlib': '3.7.5', 'scikitplot': '0.3.7', 'yellowbrick': '1.5', 'plotly': '5.24.1', 'plotly-resampler': 'Not installed', 'kaleido': '0.2.1', 'schemdraw': '0.15', 'statsmodels': '0.14.4', 'sktime': '0.26.0', 'tbats': '1.1.3', 'pmdarima': '2.0.4', 'psutil': '6.1.0', 'markupsafe': '3.0.2', 'pickle5': 'Not installed', 'cloudpickle': '3.1.1', 'deprecation': '2.1.0', 'xxhash': '3.5.0', 'wurlitzer': 'Not installed'}, 'python': {'version': '3.11.9', 'machine': 'AMD64'}}
pickle: {'deps_info': {'pip': '25.0', 'setuptools': '75.8.0', 'pycaret': '3.3.2', 'IPython': '8.32.0', 'ipywidgets': '8.1.5', 'tqdm': '4.67.1', 'numpy': '1.24.4', 'pandas': '1.5.3', 'jinja2': '3.1.5', 'scipy': '1.11.4', 'joblib': '1.3.2', 'sklearn': '1.4.2', 'pyod': '2.0.3', 'imblearn': '0.13.0', 'category_encoders': '2.7.0', 'lightgbm': '4.6.0', 'numba': '0.61.0', 'requests': '2.32.3', 'matplotlib': '3.7.5', 'scikitplot': '0.3.7', 'yellowbrick': '1.5', 'plotly': '5.24.1', 'plotly-resampler': 'Not installed', 'kaleido': '0.2.1', 'schemdraw': '0.15', 'statsmodels': '0.14.4', 'sktime': '0.26.0', 'tbats': '1.1.3', 'pmdarima': '2.0.4', 'psutil': '7.0.0', 'markupsafe': '3.0.2', 'pickle5': 'Not installed', 'cloudpickle': '3.1.1', 'deprecation': '2.1.0', 'xxhash': '3.5.0', 'wurlitzer': 'Not installed'}, 'python': {'version': '3.11.11', 'machine': 'AMD64'}}
  warnings.warn(

2025-02-25 20:31:47,990:WARNING:
'cuml' is a soft dependency and not included in the pycaret installation. Please run: `pip install cuml` to install.
2025-02-25 20:31:47,990:WARNING:
'cuml' is a soft dependency and not included in the pycaret installation. Please run: `pip install cuml` to install.
2025-02-25 20:31:47,990:WARNING:
'cuml' is a soft dependency and not included in the pycaret installation. Please run: `pip install cuml` to install.
2025-02-25 20:31:47,990:WARNING:
'cuml' is a soft dependency and not included in the pycaret installation. Please run: `pip install cuml` to install.
2025-02-25 20:31:49,005:INFO:Initializing load_model()
2025-02-25 20:31:49,005:INFO:load_model(model_name=C:\Users\user\Downloads\mlops-assignment-main\mlops-assignment-main\xinrui/models/final_wheat_seeds_model, platform=None, authentication=None, verbose=True)
2025-02-25 20:31:49,208:WARNING:C:\Users\user\AppData\Local\Packages\PythonSoftwareFoundation.Python.3.11_qbz5n2kfra8p0\LocalCache\local-packages\Python311\site-packages\pycaret\internal\pipeline.py:148: UserWarning: Version mismatch:
current: {'deps_info': {'pip': '24.0', 'setuptools': '65.5.0', 'pycaret': '3.3.2', 'IPython': '8.28.0', 'ipywidgets': '8.1.5', 'tqdm': '4.67.1', 'numpy': '1.26.4', 'pandas': '2.1.4', 'jinja2': '3.1.4', 'scipy': '1.11.4', 'joblib': '1.3.2', 'sklearn': '1.4.2', 'pyod': '2.0.3', 'imblearn': '0.13.0', 'category_encoders': '2.7.0', 'lightgbm': '4.6.0', 'numba': '0.61.0', 'requests': '2.32.3', 'matplotlib': '3.7.5', 'scikitplot': '0.3.7', 'yellowbrick': '1.5', 'plotly': '5.24.1', 'plotly-resampler': 'Not installed', 'kaleido': '0.2.1', 'schemdraw': '0.15', 'statsmodels': '0.14.4', 'sktime': '0.26.0', 'tbats': '1.1.3', 'pmdarima': '2.0.4', 'psutil': '6.1.0', 'markupsafe': '3.0.2', 'pickle5': 'Not installed', 'cloudpickle': '3.1.1', 'deprecation': '2.1.0', 'xxhash': '3.5.0', 'wurlitzer': 'Not installed'}, 'python': {'version': '3.11.9', 'machine': 'AMD64'}}
pickle: {'deps_info': {'pip': '25.0', 'setuptools': '75.8.0', 'pycaret': '3.3.2', 'IPython': '8.32.0', 'ipywidgets': '8.1.5', 'tqdm': '4.67.1', 'numpy': '1.24.4', 'pandas': '1.5.3', 'jinja2': '3.1.5', 'scipy': '1.11.4', 'joblib': '1.3.2', 'sklearn': '1.4.2', 'pyod': '2.0.3', 'imblearn': '0.13.0', 'category_encoders': '2.7.0', 'lightgbm': '4.6.0', 'numba': '0.61.0', 'requests': '2.32.3', 'matplotlib': '3.7.5', 'scikitplot': '0.3.7', 'yellowbrick': '1.5', 'plotly': '5.24.1', 'plotly-resampler': 'Not installed', 'kaleido': '0.2.1', 'schemdraw': '0.15', 'statsmodels': '0.14.4', 'sktime': '0.26.0', 'tbats': '1.1.3', 'pmdarima': '2.0.4', 'psutil': '7.0.0', 'markupsafe': '3.0.2', 'pickle5': 'Not installed', 'cloudpickle': '3.1.1', 'deprecation': '2.1.0', 'xxhash': '3.5.0', 'wurlitzer': 'Not installed'}, 'python': {'version': '3.11.11', 'machine': 'AMD64'}}
  warnings.warn(

2025-02-25 20:31:54,160:WARNING:
'cuml' is a soft dependency and not included in the pycaret installation. Please run: `pip install cuml` to install.
2025-02-25 20:31:54,160:WARNING:
'cuml' is a soft dependency and not included in the pycaret installation. Please run: `pip install cuml` to install.
2025-02-25 20:31:54,160:WARNING:
'cuml' is a soft dependency and not included in the pycaret installation. Please run: `pip install cuml` to install.
2025-02-25 20:31:54,160:WARNING:
'cuml' is a soft dependency and not included in the pycaret installation. Please run: `pip install cuml` to install.
2025-02-25 20:31:55,847:INFO:Initializing load_model()
2025-02-25 20:31:55,847:INFO:load_model(model_name=C:\Users\user\Downloads\mlops-assignment-main\mlops-assignment-main\xinrui/models/final_wheat_seeds_model, platform=None, authentication=None, verbose=True)
2025-02-25 20:31:56,050:WARNING:C:\Users\user\AppData\Local\Packages\PythonSoftwareFoundation.Python.3.11_qbz5n2kfra8p0\LocalCache\local-packages\Python311\site-packages\pycaret\internal\pipeline.py:148: UserWarning: Version mismatch:
current: {'deps_info': {'pip': '24.0', 'setuptools': '65.5.0', 'pycaret': '3.3.2', 'IPython': '8.28.0', 'ipywidgets': '8.1.5', 'tqdm': '4.67.1', 'numpy': '1.26.4', 'pandas': '2.1.4', 'jinja2': '3.1.4', 'scipy': '1.11.4', 'joblib': '1.3.2', 'sklearn': '1.4.2', 'pyod': '2.0.3', 'imblearn': '0.13.0', 'category_encoders': '2.7.0', 'lightgbm': '4.6.0', 'numba': '0.61.0', 'requests': '2.32.3', 'matplotlib': '3.7.5', 'scikitplot': '0.3.7', 'yellowbrick': '1.5', 'plotly': '5.24.1', 'plotly-resampler': 'Not installed', 'kaleido': '0.2.1', 'schemdraw': '0.15', 'statsmodels': '0.14.4', 'sktime': '0.26.0', 'tbats': '1.1.3', 'pmdarima': '2.0.4', 'psutil': '6.1.0', 'markupsafe': '3.0.2', 'pickle5': 'Not installed', 'cloudpickle': '3.1.1', 'deprecation': '2.1.0', 'xxhash': '3.5.0', 'wurlitzer': 'Not installed'}, 'python': {'version': '3.11.9', 'machine': 'AMD64'}}
pickle: {'deps_info': {'pip': '25.0', 'setuptools': '75.8.0', 'pycaret': '3.3.2', 'IPython': '8.32.0', 'ipywidgets': '8.1.5', 'tqdm': '4.67.1', 'numpy': '1.24.4', 'pandas': '1.5.3', 'jinja2': '3.1.5', 'scipy': '1.11.4', 'joblib': '1.3.2', 'sklearn': '1.4.2', 'pyod': '2.0.3', 'imblearn': '0.13.0', 'category_encoders': '2.7.0', 'lightgbm': '4.6.0', 'numba': '0.61.0', 'requests': '2.32.3', 'matplotlib': '3.7.5', 'scikitplot': '0.3.7', 'yellowbrick': '1.5', 'plotly': '5.24.1', 'plotly-resampler': 'Not installed', 'kaleido': '0.2.1', 'schemdraw': '0.15', 'statsmodels': '0.14.4', 'sktime': '0.26.0', 'tbats': '1.1.3', 'pmdarima': '2.0.4', 'psutil': '7.0.0', 'markupsafe': '3.0.2', 'pickle5': 'Not installed', 'cloudpickle': '3.1.1', 'deprecation': '2.1.0', 'xxhash': '3.5.0', 'wurlitzer': 'Not installed'}, 'python': {'version': '3.11.11', 'machine': 'AMD64'}}
  warnings.warn(

2025-02-25 20:33:57,225:WARNING:
'cuml' is a soft dependency and not included in the pycaret installation. Please run: `pip install cuml` to install.
2025-02-25 20:33:57,225:WARNING:
'cuml' is a soft dependency and not included in the pycaret installation. Please run: `pip install cuml` to install.
2025-02-25 20:33:57,225:WARNING:
'cuml' is a soft dependency and not included in the pycaret installation. Please run: `pip install cuml` to install.
2025-02-25 20:33:57,225:WARNING:
'cuml' is a soft dependency and not included in the pycaret installation. Please run: `pip install cuml` to install.
2025-02-25 20:33:58,305:INFO:Initializing load_model()
2025-02-25 20:33:58,306:INFO:load_model(model_name=C:\Users\user\Downloads\mlops-assignment-main\mlops-assignment-main\xinrui/models/final_wheat_seeds_model, platform=None, authentication=None, verbose=True)
2025-02-25 20:33:58,502:WARNING:C:\Users\user\AppData\Local\Packages\PythonSoftwareFoundation.Python.3.11_qbz5n2kfra8p0\LocalCache\local-packages\Python311\site-packages\pycaret\internal\pipeline.py:148: UserWarning: Version mismatch:
current: {'deps_info': {'pip': '24.0', 'setuptools': '65.5.0', 'pycaret': '3.3.2', 'IPython': '8.28.0', 'ipywidgets': '8.1.5', 'tqdm': '4.67.1', 'numpy': '1.26.4', 'pandas': '2.1.4', 'jinja2': '3.1.4', 'scipy': '1.11.4', 'joblib': '1.3.2', 'sklearn': '1.4.2', 'pyod': '2.0.3', 'imblearn': '0.13.0', 'category_encoders': '2.7.0', 'lightgbm': '4.6.0', 'numba': '0.61.0', 'requests': '2.32.3', 'matplotlib': '3.7.5', 'scikitplot': '0.3.7', 'yellowbrick': '1.5', 'plotly': '5.24.1', 'plotly-resampler': 'Not installed', 'kaleido': '0.2.1', 'schemdraw': '0.15', 'statsmodels': '0.14.4', 'sktime': '0.26.0', 'tbats': '1.1.3', 'pmdarima': '2.0.4', 'psutil': '6.1.0', 'markupsafe': '3.0.2', 'pickle5': 'Not installed', 'cloudpickle': '3.1.1', 'deprecation': '2.1.0', 'xxhash': '3.5.0', 'wurlitzer': 'Not installed'}, 'python': {'version': '3.11.9', 'machine': 'AMD64'}}
pickle: {'deps_info': {'pip': '25.0', 'setuptools': '75.8.0', 'pycaret': '3.3.2', 'IPython': '8.32.0', 'ipywidgets': '8.1.5', 'tqdm': '4.67.1', 'numpy': '1.24.4', 'pandas': '1.5.3', 'jinja2': '3.1.5', 'scipy': '1.11.4', 'joblib': '1.3.2', 'sklearn': '1.4.2', 'pyod': '2.0.3', 'imblearn': '0.13.0', 'category_encoders': '2.7.0', 'lightgbm': '4.6.0', 'numba': '0.61.0', 'requests': '2.32.3', 'matplotlib': '3.7.5', 'scikitplot': '0.3.7', 'yellowbrick': '1.5', 'plotly': '5.24.1', 'plotly-resampler': 'Not installed', 'kaleido': '0.2.1', 'schemdraw': '0.15', 'statsmodels': '0.14.4', 'sktime': '0.26.0', 'tbats': '1.1.3', 'pmdarima': '2.0.4', 'psutil': '7.0.0', 'markupsafe': '3.0.2', 'pickle5': 'Not installed', 'cloudpickle': '3.1.1', 'deprecation': '2.1.0', 'xxhash': '3.5.0', 'wurlitzer': 'Not installed'}, 'python': {'version': '3.11.11', 'machine': 'AMD64'}}
  warnings.warn(

2025-02-25 20:34:09,201:WARNING:
'cuml' is a soft dependency and not included in the pycaret installation. Please run: `pip install cuml` to install.
2025-02-25 20:34:09,201:WARNING:
'cuml' is a soft dependency and not included in the pycaret installation. Please run: `pip install cuml` to install.
2025-02-25 20:34:09,201:WARNING:
'cuml' is a soft dependency and not included in the pycaret installation. Please run: `pip install cuml` to install.
2025-02-25 20:34:09,201:WARNING:
'cuml' is a soft dependency and not included in the pycaret installation. Please run: `pip install cuml` to install.
2025-02-25 20:34:10,327:INFO:Initializing load_model()
2025-02-25 20:34:10,327:INFO:load_model(model_name=C:\Users\user\Downloads\mlops-assignment-main\mlops-assignment-main\xinrui/models/final_wheat_seeds_model, platform=None, authentication=None, verbose=True)
2025-02-25 20:34:10,530:WARNING:C:\Users\user\AppData\Local\Packages\PythonSoftwareFoundation.Python.3.11_qbz5n2kfra8p0\LocalCache\local-packages\Python311\site-packages\pycaret\internal\pipeline.py:148: UserWarning: Version mismatch:
current: {'deps_info': {'pip': '24.0', 'setuptools': '65.5.0', 'pycaret': '3.3.2', 'IPython': '8.28.0', 'ipywidgets': '8.1.5', 'tqdm': '4.67.1', 'numpy': '1.26.4', 'pandas': '2.1.4', 'jinja2': '3.1.4', 'scipy': '1.11.4', 'joblib': '1.3.2', 'sklearn': '1.4.2', 'pyod': '2.0.3', 'imblearn': '0.13.0', 'category_encoders': '2.7.0', 'lightgbm': '4.6.0', 'numba': '0.61.0', 'requests': '2.32.3', 'matplotlib': '3.7.5', 'scikitplot': '0.3.7', 'yellowbrick': '1.5', 'plotly': '5.24.1', 'plotly-resampler': 'Not installed', 'kaleido': '0.2.1', 'schemdraw': '0.15', 'statsmodels': '0.14.4', 'sktime': '0.26.0', 'tbats': '1.1.3', 'pmdarima': '2.0.4', 'psutil': '6.1.0', 'markupsafe': '3.0.2', 'pickle5': 'Not installed', 'cloudpickle': '3.1.1', 'deprecation': '2.1.0', 'xxhash': '3.5.0', 'wurlitzer': 'Not installed'}, 'python': {'version': '3.11.9', 'machine': 'AMD64'}}
pickle: {'deps_info': {'pip': '25.0', 'setuptools': '75.8.0', 'pycaret': '3.3.2', 'IPython': '8.32.0', 'ipywidgets': '8.1.5', 'tqdm': '4.67.1', 'numpy': '1.24.4', 'pandas': '1.5.3', 'jinja2': '3.1.5', 'scipy': '1.11.4', 'joblib': '1.3.2', 'sklearn': '1.4.2', 'pyod': '2.0.3', 'imblearn': '0.13.0', 'category_encoders': '2.7.0', 'lightgbm': '4.6.0', 'numba': '0.61.0', 'requests': '2.32.3', 'matplotlib': '3.7.5', 'scikitplot': '0.3.7', 'yellowbrick': '1.5', 'plotly': '5.24.1', 'plotly-resampler': 'Not installed', 'kaleido': '0.2.1', 'schemdraw': '0.15', 'statsmodels': '0.14.4', 'sktime': '0.26.0', 'tbats': '1.1.3', 'pmdarima': '2.0.4', 'psutil': '7.0.0', 'markupsafe': '3.0.2', 'pickle5': 'Not installed', 'cloudpickle': '3.1.1', 'deprecation': '2.1.0', 'xxhash': '3.5.0', 'wurlitzer': 'Not installed'}, 'python': {'version': '3.11.11', 'machine': 'AMD64'}}
  warnings.warn(

2025-02-25 20:34:27,660:WARNING:
'cuml' is a soft dependency and not included in the pycaret installation. Please run: `pip install cuml` to install.
2025-02-25 20:34:27,660:WARNING:
'cuml' is a soft dependency and not included in the pycaret installation. Please run: `pip install cuml` to install.
2025-02-25 20:34:27,660:WARNING:
'cuml' is a soft dependency and not included in the pycaret installation. Please run: `pip install cuml` to install.
2025-02-25 20:34:27,660:WARNING:
'cuml' is a soft dependency and not included in the pycaret installation. Please run: `pip install cuml` to install.
2025-02-25 20:34:28,738:INFO:Initializing load_model()
2025-02-25 20:34:28,738:INFO:load_model(model_name=C:\Users\user\Downloads\mlops-assignment-main\mlops-assignment-main\xinrui/models/final_wheat_seeds_model, platform=None, authentication=None, verbose=True)
2025-02-25 20:34:28,926:WARNING:C:\Users\user\AppData\Local\Packages\PythonSoftwareFoundation.Python.3.11_qbz5n2kfra8p0\LocalCache\local-packages\Python311\site-packages\pycaret\internal\pipeline.py:148: UserWarning: Version mismatch:
current: {'deps_info': {'pip': '24.0', 'setuptools': '65.5.0', 'pycaret': '3.3.2', 'IPython': '8.28.0', 'ipywidgets': '8.1.5', 'tqdm': '4.67.1', 'numpy': '1.26.4', 'pandas': '2.1.4', 'jinja2': '3.1.4', 'scipy': '1.11.4', 'joblib': '1.3.2', 'sklearn': '1.4.2', 'pyod': '2.0.3', 'imblearn': '0.13.0', 'category_encoders': '2.7.0', 'lightgbm': '4.6.0', 'numba': '0.61.0', 'requests': '2.32.3', 'matplotlib': '3.7.5', 'scikitplot': '0.3.7', 'yellowbrick': '1.5', 'plotly': '5.24.1', 'plotly-resampler': 'Not installed', 'kaleido': '0.2.1', 'schemdraw': '0.15', 'statsmodels': '0.14.4', 'sktime': '0.26.0', 'tbats': '1.1.3', 'pmdarima': '2.0.4', 'psutil': '6.1.0', 'markupsafe': '3.0.2', 'pickle5': 'Not installed', 'cloudpickle': '3.1.1', 'deprecation': '2.1.0', 'xxhash': '3.5.0', 'wurlitzer': 'Not installed'}, 'python': {'version': '3.11.9', 'machine': 'AMD64'}}
pickle: {'deps_info': {'pip': '25.0', 'setuptools': '75.8.0', 'pycaret': '3.3.2', 'IPython': '8.32.0', 'ipywidgets': '8.1.5', 'tqdm': '4.67.1', 'numpy': '1.24.4', 'pandas': '1.5.3', 'jinja2': '3.1.5', 'scipy': '1.11.4', 'joblib': '1.3.2', 'sklearn': '1.4.2', 'pyod': '2.0.3', 'imblearn': '0.13.0', 'category_encoders': '2.7.0', 'lightgbm': '4.6.0', 'numba': '0.61.0', 'requests': '2.32.3', 'matplotlib': '3.7.5', 'scikitplot': '0.3.7', 'yellowbrick': '1.5', 'plotly': '5.24.1', 'plotly-resampler': 'Not installed', 'kaleido': '0.2.1', 'schemdraw': '0.15', 'statsmodels': '0.14.4', 'sktime': '0.26.0', 'tbats': '1.1.3', 'pmdarima': '2.0.4', 'psutil': '7.0.0', 'markupsafe': '3.0.2', 'pickle5': 'Not installed', 'cloudpickle': '3.1.1', 'deprecation': '2.1.0', 'xxhash': '3.5.0', 'wurlitzer': 'Not installed'}, 'python': {'version': '3.11.11', 'machine': 'AMD64'}}
  warnings.warn(

2025-02-25 20:34:38,627:WARNING:
'cuml' is a soft dependency and not included in the pycaret installation. Please run: `pip install cuml` to install.
2025-02-25 20:34:38,627:WARNING:
'cuml' is a soft dependency and not included in the pycaret installation. Please run: `pip install cuml` to install.
2025-02-25 20:34:38,627:WARNING:
'cuml' is a soft dependency and not included in the pycaret installation. Please run: `pip install cuml` to install.
2025-02-25 20:34:38,627:WARNING:
'cuml' is a soft dependency and not included in the pycaret installation. Please run: `pip install cuml` to install.
2025-02-25 20:34:39,642:INFO:Initializing load_model()
2025-02-25 20:34:39,642:INFO:load_model(model_name=C:\Users\user\Downloads\mlops-assignment-main\mlops-assignment-main\xinrui/models/final_wheat_seeds_model, platform=None, authentication=None, verbose=True)
2025-02-25 20:34:39,814:WARNING:C:\Users\user\AppData\Local\Packages\PythonSoftwareFoundation.Python.3.11_qbz5n2kfra8p0\LocalCache\local-packages\Python311\site-packages\pycaret\internal\pipeline.py:148: UserWarning: Version mismatch:
current: {'deps_info': {'pip': '24.0', 'setuptools': '65.5.0', 'pycaret': '3.3.2', 'IPython': '8.28.0', 'ipywidgets': '8.1.5', 'tqdm': '4.67.1', 'numpy': '1.26.4', 'pandas': '2.1.4', 'jinja2': '3.1.4', 'scipy': '1.11.4', 'joblib': '1.3.2', 'sklearn': '1.4.2', 'pyod': '2.0.3', 'imblearn': '0.13.0', 'category_encoders': '2.7.0', 'lightgbm': '4.6.0', 'numba': '0.61.0', 'requests': '2.32.3', 'matplotlib': '3.7.5', 'scikitplot': '0.3.7', 'yellowbrick': '1.5', 'plotly': '5.24.1', 'plotly-resampler': 'Not installed', 'kaleido': '0.2.1', 'schemdraw': '0.15', 'statsmodels': '0.14.4', 'sktime': '0.26.0', 'tbats': '1.1.3', 'pmdarima': '2.0.4', 'psutil': '6.1.0', 'markupsafe': '3.0.2', 'pickle5': 'Not installed', 'cloudpickle': '3.1.1', 'deprecation': '2.1.0', 'xxhash': '3.5.0', 'wurlitzer': 'Not installed'}, 'python': {'version': '3.11.9', 'machine': 'AMD64'}}
pickle: {'deps_info': {'pip': '25.0', 'setuptools': '75.8.0', 'pycaret': '3.3.2', 'IPython': '8.32.0', 'ipywidgets': '8.1.5', 'tqdm': '4.67.1', 'numpy': '1.24.4', 'pandas': '1.5.3', 'jinja2': '3.1.5', 'scipy': '1.11.4', 'joblib': '1.3.2', 'sklearn': '1.4.2', 'pyod': '2.0.3', 'imblearn': '0.13.0', 'category_encoders': '2.7.0', 'lightgbm': '4.6.0', 'numba': '0.61.0', 'requests': '2.32.3', 'matplotlib': '3.7.5', 'scikitplot': '0.3.7', 'yellowbrick': '1.5', 'plotly': '5.24.1', 'plotly-resampler': 'Not installed', 'kaleido': '0.2.1', 'schemdraw': '0.15', 'statsmodels': '0.14.4', 'sktime': '0.26.0', 'tbats': '1.1.3', 'pmdarima': '2.0.4', 'psutil': '7.0.0', 'markupsafe': '3.0.2', 'pickle5': 'Not installed', 'cloudpickle': '3.1.1', 'deprecation': '2.1.0', 'xxhash': '3.5.0', 'wurlitzer': 'Not installed'}, 'python': {'version': '3.11.11', 'machine': 'AMD64'}}
  warnings.warn(

2025-02-25 20:34:58,226:WARNING:
'cuml' is a soft dependency and not included in the pycaret installation. Please run: `pip install cuml` to install.
2025-02-25 20:34:58,226:WARNING:
'cuml' is a soft dependency and not included in the pycaret installation. Please run: `pip install cuml` to install.
2025-02-25 20:34:58,226:WARNING:
'cuml' is a soft dependency and not included in the pycaret installation. Please run: `pip install cuml` to install.
2025-02-25 20:34:58,226:WARNING:
'cuml' is a soft dependency and not included in the pycaret installation. Please run: `pip install cuml` to install.
2025-02-25 20:34:59,211:INFO:Initializing load_model()
2025-02-25 20:34:59,211:INFO:load_model(model_name=C:\Users\user\Downloads\mlops-assignment-main\mlops-assignment-main\xinrui/models/final_wheat_seeds_model, platform=None, authentication=None, verbose=True)
2025-02-25 20:34:59,382:WARNING:C:\Users\user\AppData\Local\Packages\PythonSoftwareFoundation.Python.3.11_qbz5n2kfra8p0\LocalCache\local-packages\Python311\site-packages\pycaret\internal\pipeline.py:148: UserWarning: Version mismatch:
current: {'deps_info': {'pip': '24.0', 'setuptools': '65.5.0', 'pycaret': '3.3.2', 'IPython': '8.28.0', 'ipywidgets': '8.1.5', 'tqdm': '4.67.1', 'numpy': '1.26.4', 'pandas': '2.1.4', 'jinja2': '3.1.4', 'scipy': '1.11.4', 'joblib': '1.3.2', 'sklearn': '1.4.2', 'pyod': '2.0.3', 'imblearn': '0.13.0', 'category_encoders': '2.7.0', 'lightgbm': '4.6.0', 'numba': '0.61.0', 'requests': '2.32.3', 'matplotlib': '3.7.5', 'scikitplot': '0.3.7', 'yellowbrick': '1.5', 'plotly': '5.24.1', 'plotly-resampler': 'Not installed', 'kaleido': '0.2.1', 'schemdraw': '0.15', 'statsmodels': '0.14.4', 'sktime': '0.26.0', 'tbats': '1.1.3', 'pmdarima': '2.0.4', 'psutil': '6.1.0', 'markupsafe': '3.0.2', 'pickle5': 'Not installed', 'cloudpickle': '3.1.1', 'deprecation': '2.1.0', 'xxhash': '3.5.0', 'wurlitzer': 'Not installed'}, 'python': {'version': '3.11.9', 'machine': 'AMD64'}}
pickle: {'deps_info': {'pip': '25.0', 'setuptools': '75.8.0', 'pycaret': '3.3.2', 'IPython': '8.32.0', 'ipywidgets': '8.1.5', 'tqdm': '4.67.1', 'numpy': '1.24.4', 'pandas': '1.5.3', 'jinja2': '3.1.5', 'scipy': '1.11.4', 'joblib': '1.3.2', 'sklearn': '1.4.2', 'pyod': '2.0.3', 'imblearn': '0.13.0', 'category_encoders': '2.7.0', 'lightgbm': '4.6.0', 'numba': '0.61.0', 'requests': '2.32.3', 'matplotlib': '3.7.5', 'scikitplot': '0.3.7', 'yellowbrick': '1.5', 'plotly': '5.24.1', 'plotly-resampler': 'Not installed', 'kaleido': '0.2.1', 'schemdraw': '0.15', 'statsmodels': '0.14.4', 'sktime': '0.26.0', 'tbats': '1.1.3', 'pmdarima': '2.0.4', 'psutil': '7.0.0', 'markupsafe': '3.0.2', 'pickle5': 'Not installed', 'cloudpickle': '3.1.1', 'deprecation': '2.1.0', 'xxhash': '3.5.0', 'wurlitzer': 'Not installed'}, 'python': {'version': '3.11.11', 'machine': 'AMD64'}}
  warnings.warn(

2025-02-25 20:35:03,431:WARNING:
'cuml' is a soft dependency and not included in the pycaret installation. Please run: `pip install cuml` to install.
2025-02-25 20:35:03,431:WARNING:
'cuml' is a soft dependency and not included in the pycaret installation. Please run: `pip install cuml` to install.
2025-02-25 20:35:03,431:WARNING:
'cuml' is a soft dependency and not included in the pycaret installation. Please run: `pip install cuml` to install.
2025-02-25 20:35:03,431:WARNING:
'cuml' is a soft dependency and not included in the pycaret installation. Please run: `pip install cuml` to install.
2025-02-25 20:35:04,448:INFO:Initializing load_model()
2025-02-25 20:35:04,448:INFO:load_model(model_name=C:\Users\user\Downloads\mlops-assignment-main\mlops-assignment-main\xinrui/models/final_wheat_seeds_model, platform=None, authentication=None, verbose=True)
2025-02-25 20:35:04,637:WARNING:C:\Users\user\AppData\Local\Packages\PythonSoftwareFoundation.Python.3.11_qbz5n2kfra8p0\LocalCache\local-packages\Python311\site-packages\pycaret\internal\pipeline.py:148: UserWarning: Version mismatch:
current: {'deps_info': {'pip': '24.0', 'setuptools': '65.5.0', 'pycaret': '3.3.2', 'IPython': '8.28.0', 'ipywidgets': '8.1.5', 'tqdm': '4.67.1', 'numpy': '1.26.4', 'pandas': '2.1.4', 'jinja2': '3.1.4', 'scipy': '1.11.4', 'joblib': '1.3.2', 'sklearn': '1.4.2', 'pyod': '2.0.3', 'imblearn': '0.13.0', 'category_encoders': '2.7.0', 'lightgbm': '4.6.0', 'numba': '0.61.0', 'requests': '2.32.3', 'matplotlib': '3.7.5', 'scikitplot': '0.3.7', 'yellowbrick': '1.5', 'plotly': '5.24.1', 'plotly-resampler': 'Not installed', 'kaleido': '0.2.1', 'schemdraw': '0.15', 'statsmodels': '0.14.4', 'sktime': '0.26.0', 'tbats': '1.1.3', 'pmdarima': '2.0.4', 'psutil': '6.1.0', 'markupsafe': '3.0.2', 'pickle5': 'Not installed', 'cloudpickle': '3.1.1', 'deprecation': '2.1.0', 'xxhash': '3.5.0', 'wurlitzer': 'Not installed'}, 'python': {'version': '3.11.9', 'machine': 'AMD64'}}
pickle: {'deps_info': {'pip': '25.0', 'setuptools': '75.8.0', 'pycaret': '3.3.2', 'IPython': '8.32.0', 'ipywidgets': '8.1.5', 'tqdm': '4.67.1', 'numpy': '1.24.4', 'pandas': '1.5.3', 'jinja2': '3.1.5', 'scipy': '1.11.4', 'joblib': '1.3.2', 'sklearn': '1.4.2', 'pyod': '2.0.3', 'imblearn': '0.13.0', 'category_encoders': '2.7.0', 'lightgbm': '4.6.0', 'numba': '0.61.0', 'requests': '2.32.3', 'matplotlib': '3.7.5', 'scikitplot': '0.3.7', 'yellowbrick': '1.5', 'plotly': '5.24.1', 'plotly-resampler': 'Not installed', 'kaleido': '0.2.1', 'schemdraw': '0.15', 'statsmodels': '0.14.4', 'sktime': '0.26.0', 'tbats': '1.1.3', 'pmdarima': '2.0.4', 'psutil': '7.0.0', 'markupsafe': '3.0.2', 'pickle5': 'Not installed', 'cloudpickle': '3.1.1', 'deprecation': '2.1.0', 'xxhash': '3.5.0', 'wurlitzer': 'Not installed'}, 'python': {'version': '3.11.11', 'machine': 'AMD64'}}
  warnings.warn(

2025-02-25 20:37:01,106:WARNING:
'cuml' is a soft dependency and not included in the pycaret installation. Please run: `pip install cuml` to install.
2025-02-25 20:37:01,106:WARNING:
'cuml' is a soft dependency and not included in the pycaret installation. Please run: `pip install cuml` to install.
2025-02-25 20:37:01,106:WARNING:
'cuml' is a soft dependency and not included in the pycaret installation. Please run: `pip install cuml` to install.
2025-02-25 20:37:01,106:WARNING:
'cuml' is a soft dependency and not included in the pycaret installation. Please run: `pip install cuml` to install.
2025-02-25 20:37:02,098:INFO:Initializing load_model()
2025-02-25 20:37:02,098:INFO:load_model(model_name=C:\Users\user\Downloads\mlops-assignment-main\mlops-assignment-main\xinrui/models/final_wheat_seeds_model, platform=None, authentication=None, verbose=True)
2025-02-25 20:37:02,269:WARNING:C:\Users\user\AppData\Local\Packages\PythonSoftwareFoundation.Python.3.11_qbz5n2kfra8p0\LocalCache\local-packages\Python311\site-packages\pycaret\internal\pipeline.py:148: UserWarning: Version mismatch:
current: {'deps_info': {'pip': '24.0', 'setuptools': '65.5.0', 'pycaret': '3.3.2', 'IPython': '8.28.0', 'ipywidgets': '8.1.5', 'tqdm': '4.67.1', 'numpy': '1.26.4', 'pandas': '2.1.4', 'jinja2': '3.1.4', 'scipy': '1.11.4', 'joblib': '1.3.2', 'sklearn': '1.4.2', 'pyod': '2.0.3', 'imblearn': '0.13.0', 'category_encoders': '2.7.0', 'lightgbm': '4.6.0', 'numba': '0.61.0', 'requests': '2.32.3', 'matplotlib': '3.7.5', 'scikitplot': '0.3.7', 'yellowbrick': '1.5', 'plotly': '5.24.1', 'plotly-resampler': 'Not installed', 'kaleido': '0.2.1', 'schemdraw': '0.15', 'statsmodels': '0.14.4', 'sktime': '0.26.0', 'tbats': '1.1.3', 'pmdarima': '2.0.4', 'psutil': '6.1.0', 'markupsafe': '3.0.2', 'pickle5': 'Not installed', 'cloudpickle': '3.1.1', 'deprecation': '2.1.0', 'xxhash': '3.5.0', 'wurlitzer': 'Not installed'}, 'python': {'version': '3.11.9', 'machine': 'AMD64'}}
pickle: {'deps_info': {'pip': '25.0', 'setuptools': '75.8.0', 'pycaret': '3.3.2', 'IPython': '8.32.0', 'ipywidgets': '8.1.5', 'tqdm': '4.67.1', 'numpy': '1.24.4', 'pandas': '1.5.3', 'jinja2': '3.1.5', 'scipy': '1.11.4', 'joblib': '1.3.2', 'sklearn': '1.4.2', 'pyod': '2.0.3', 'imblearn': '0.13.0', 'category_encoders': '2.7.0', 'lightgbm': '4.6.0', 'numba': '0.61.0', 'requests': '2.32.3', 'matplotlib': '3.7.5', 'scikitplot': '0.3.7', 'yellowbrick': '1.5', 'plotly': '5.24.1', 'plotly-resampler': 'Not installed', 'kaleido': '0.2.1', 'schemdraw': '0.15', 'statsmodels': '0.14.4', 'sktime': '0.26.0', 'tbats': '1.1.3', 'pmdarima': '2.0.4', 'psutil': '7.0.0', 'markupsafe': '3.0.2', 'pickle5': 'Not installed', 'cloudpickle': '3.1.1', 'deprecation': '2.1.0', 'xxhash': '3.5.0', 'wurlitzer': 'Not installed'}, 'python': {'version': '3.11.11', 'machine': 'AMD64'}}
  warnings.warn(

2025-02-25 20:37:25,721:WARNING:
'cuml' is a soft dependency and not included in the pycaret installation. Please run: `pip install cuml` to install.
2025-02-25 20:37:25,721:WARNING:
'cuml' is a soft dependency and not included in the pycaret installation. Please run: `pip install cuml` to install.
2025-02-25 20:37:25,721:WARNING:
'cuml' is a soft dependency and not included in the pycaret installation. Please run: `pip install cuml` to install.
2025-02-25 20:37:25,721:WARNING:
'cuml' is a soft dependency and not included in the pycaret installation. Please run: `pip install cuml` to install.
2025-02-25 20:37:26,640:INFO:Initializing load_model()
2025-02-25 20:37:26,640:INFO:load_model(model_name=C:\Users\user\Downloads\mlops-assignment-main\mlops-assignment-main\xinrui/models/final_wheat_seeds_model, platform=None, authentication=None, verbose=True)
2025-02-25 20:37:26,811:WARNING:C:\Users\user\AppData\Local\Packages\PythonSoftwareFoundation.Python.3.11_qbz5n2kfra8p0\LocalCache\local-packages\Python311\site-packages\pycaret\internal\pipeline.py:148: UserWarning: Version mismatch:
current: {'deps_info': {'pip': '24.0', 'setuptools': '65.5.0', 'pycaret': '3.3.2', 'IPython': '8.28.0', 'ipywidgets': '8.1.5', 'tqdm': '4.67.1', 'numpy': '1.26.4', 'pandas': '2.1.4', 'jinja2': '3.1.4', 'scipy': '1.11.4', 'joblib': '1.3.2', 'sklearn': '1.4.2', 'pyod': '2.0.3', 'imblearn': '0.13.0', 'category_encoders': '2.7.0', 'lightgbm': '4.6.0', 'numba': '0.61.0', 'requests': '2.32.3', 'matplotlib': '3.7.5', 'scikitplot': '0.3.7', 'yellowbrick': '1.5', 'plotly': '5.24.1', 'plotly-resampler': 'Not installed', 'kaleido': '0.2.1', 'schemdraw': '0.15', 'statsmodels': '0.14.4', 'sktime': '0.26.0', 'tbats': '1.1.3', 'pmdarima': '2.0.4', 'psutil': '6.1.0', 'markupsafe': '3.0.2', 'pickle5': 'Not installed', 'cloudpickle': '3.1.1', 'deprecation': '2.1.0', 'xxhash': '3.5.0', 'wurlitzer': 'Not installed'}, 'python': {'version': '3.11.9', 'machine': 'AMD64'}}
pickle: {'deps_info': {'pip': '25.0', 'setuptools': '75.8.0', 'pycaret': '3.3.2', 'IPython': '8.32.0', 'ipywidgets': '8.1.5', 'tqdm': '4.67.1', 'numpy': '1.24.4', 'pandas': '1.5.3', 'jinja2': '3.1.5', 'scipy': '1.11.4', 'joblib': '1.3.2', 'sklearn': '1.4.2', 'pyod': '2.0.3', 'imblearn': '0.13.0', 'category_encoders': '2.7.0', 'lightgbm': '4.6.0', 'numba': '0.61.0', 'requests': '2.32.3', 'matplotlib': '3.7.5', 'scikitplot': '0.3.7', 'yellowbrick': '1.5', 'plotly': '5.24.1', 'plotly-resampler': 'Not installed', 'kaleido': '0.2.1', 'schemdraw': '0.15', 'statsmodels': '0.14.4', 'sktime': '0.26.0', 'tbats': '1.1.3', 'pmdarima': '2.0.4', 'psutil': '7.0.0', 'markupsafe': '3.0.2', 'pickle5': 'Not installed', 'cloudpickle': '3.1.1', 'deprecation': '2.1.0', 'xxhash': '3.5.0', 'wurlitzer': 'Not installed'}, 'python': {'version': '3.11.11', 'machine': 'AMD64'}}
  warnings.warn(

2025-02-25 20:37:30,716:WARNING:
'cuml' is a soft dependency and not included in the pycaret installation. Please run: `pip install cuml` to install.
2025-02-25 20:37:30,716:WARNING:
'cuml' is a soft dependency and not included in the pycaret installation. Please run: `pip install cuml` to install.
2025-02-25 20:37:30,716:WARNING:
'cuml' is a soft dependency and not included in the pycaret installation. Please run: `pip install cuml` to install.
2025-02-25 20:37:30,716:WARNING:
'cuml' is a soft dependency and not included in the pycaret installation. Please run: `pip install cuml` to install.
2025-02-25 20:37:31,720:INFO:Initializing load_model()
2025-02-25 20:37:31,720:INFO:load_model(model_name=C:\Users\user\Downloads\mlops-assignment-main\mlops-assignment-main\xinrui/models/final_wheat_seeds_model, platform=None, authentication=None, verbose=True)
2025-02-25 20:37:31,901:WARNING:C:\Users\user\AppData\Local\Packages\PythonSoftwareFoundation.Python.3.11_qbz5n2kfra8p0\LocalCache\local-packages\Python311\site-packages\pycaret\internal\pipeline.py:148: UserWarning: Version mismatch:
current: {'deps_info': {'pip': '24.0', 'setuptools': '65.5.0', 'pycaret': '3.3.2', 'IPython': '8.28.0', 'ipywidgets': '8.1.5', 'tqdm': '4.67.1', 'numpy': '1.26.4', 'pandas': '2.1.4', 'jinja2': '3.1.4', 'scipy': '1.11.4', 'joblib': '1.3.2', 'sklearn': '1.4.2', 'pyod': '2.0.3', 'imblearn': '0.13.0', 'category_encoders': '2.7.0', 'lightgbm': '4.6.0', 'numba': '0.61.0', 'requests': '2.32.3', 'matplotlib': '3.7.5', 'scikitplot': '0.3.7', 'yellowbrick': '1.5', 'plotly': '5.24.1', 'plotly-resampler': 'Not installed', 'kaleido': '0.2.1', 'schemdraw': '0.15', 'statsmodels': '0.14.4', 'sktime': '0.26.0', 'tbats': '1.1.3', 'pmdarima': '2.0.4', 'psutil': '6.1.0', 'markupsafe': '3.0.2', 'pickle5': 'Not installed', 'cloudpickle': '3.1.1', 'deprecation': '2.1.0', 'xxhash': '3.5.0', 'wurlitzer': 'Not installed'}, 'python': {'version': '3.11.9', 'machine': 'AMD64'}}
pickle: {'deps_info': {'pip': '25.0', 'setuptools': '75.8.0', 'pycaret': '3.3.2', 'IPython': '8.32.0', 'ipywidgets': '8.1.5', 'tqdm': '4.67.1', 'numpy': '1.24.4', 'pandas': '1.5.3', 'jinja2': '3.1.5', 'scipy': '1.11.4', 'joblib': '1.3.2', 'sklearn': '1.4.2', 'pyod': '2.0.3', 'imblearn': '0.13.0', 'category_encoders': '2.7.0', 'lightgbm': '4.6.0', 'numba': '0.61.0', 'requests': '2.32.3', 'matplotlib': '3.7.5', 'scikitplot': '0.3.7', 'yellowbrick': '1.5', 'plotly': '5.24.1', 'plotly-resampler': 'Not installed', 'kaleido': '0.2.1', 'schemdraw': '0.15', 'statsmodels': '0.14.4', 'sktime': '0.26.0', 'tbats': '1.1.3', 'pmdarima': '2.0.4', 'psutil': '7.0.0', 'markupsafe': '3.0.2', 'pickle5': 'Not installed', 'cloudpickle': '3.1.1', 'deprecation': '2.1.0', 'xxhash': '3.5.0', 'wurlitzer': 'Not installed'}, 'python': {'version': '3.11.11', 'machine': 'AMD64'}}
  warnings.warn(

2025-02-25 20:37:46,096:INFO:Initializing predict_model()
2025-02-25 20:37:46,096:INFO:predict_model(self=<pycaret.classification.oop.ClassificationExperiment object at 0x0000024C97C0B6D0>, estimator=Pipeline(memory=Memory(location=None),
         steps=[('label_encoding',
                 TransformerWrapperWithInverse(transformer=LabelEncoder())),
                ('numerical_imputer',
                 TransformerWrapper(include=['Area', 'Perimeter', 'Compactness',
                                             'Length', 'Width',
                                             'AsymmetryCoeff', 'Groove'],
                                    transformer=SimpleImputer())),
                ('categorical_imputer',
                 TransformerWrapper(include=[],
                                    transformer=SimpleImputer(strategy='most_frequent'))),
                ('normalize', TransformerWrapper(transformer=StandardScaler())),
                ('feature_selection',
                 TransformerWrapper(exclude=[],
                                    transformer=SelectFromModel(estimator=LGBMClassifier(),
                                                                max_features=1,
                                                                threshold=-inf))),
                ('trained_model', AdaBoostClassifier(random_state=42))]), probability_threshold=None, encoded_labels=False, raw_score=False, round=4, verbose=True, ml_usecase=None, preprocess=True, encode_labels=<function _SupervisedExperiment.predict_model.<locals>.encode_labels at 0x0000024C97C07420>)
2025-02-25 20:37:46,096:INFO:Checking exceptions
2025-02-25 20:37:46,096:INFO:Preloading libraries
2025-02-25 20:37:46,096:INFO:Set up data.
2025-02-25 20:37:46,096:INFO:Set up index.
2025-02-25 20:43:56,296:WARNING:
'cuml' is a soft dependency and not included in the pycaret installation. Please run: `pip install cuml` to install.
2025-02-25 20:43:56,296:WARNING:
'cuml' is a soft dependency and not included in the pycaret installation. Please run: `pip install cuml` to install.
2025-02-25 20:43:56,296:WARNING:
'cuml' is a soft dependency and not included in the pycaret installation. Please run: `pip install cuml` to install.
2025-02-25 20:43:56,296:WARNING:
'cuml' is a soft dependency and not included in the pycaret installation. Please run: `pip install cuml` to install.
2025-02-25 20:43:57,280:INFO:Initializing load_model()
2025-02-25 20:43:57,280:INFO:load_model(model_name=C:\Users\user\Downloads\mlops-assignment-main\mlops-assignment-main\xinrui/models/final_wheat_seeds_model, platform=None, authentication=None, verbose=True)
2025-02-25 20:43:57,452:WARNING:C:\Users\user\AppData\Local\Packages\PythonSoftwareFoundation.Python.3.11_qbz5n2kfra8p0\LocalCache\local-packages\Python311\site-packages\pycaret\internal\pipeline.py:148: UserWarning: Version mismatch:
current: {'deps_info': {'pip': '24.0', 'setuptools': '65.5.0', 'pycaret': '3.3.2', 'IPython': '8.28.0', 'ipywidgets': '8.1.5', 'tqdm': '4.67.1', 'numpy': '1.26.4', 'pandas': '2.1.4', 'jinja2': '3.1.4', 'scipy': '1.11.4', 'joblib': '1.3.2', 'sklearn': '1.4.2', 'pyod': '2.0.3', 'imblearn': '0.13.0', 'category_encoders': '2.7.0', 'lightgbm': '4.6.0', 'numba': '0.61.0', 'requests': '2.32.3', 'matplotlib': '3.7.5', 'scikitplot': '0.3.7', 'yellowbrick': '1.5', 'plotly': '5.24.1', 'plotly-resampler': 'Not installed', 'kaleido': '0.2.1', 'schemdraw': '0.15', 'statsmodels': '0.14.4', 'sktime': '0.26.0', 'tbats': '1.1.3', 'pmdarima': '2.0.4', 'psutil': '6.1.0', 'markupsafe': '3.0.2', 'pickle5': 'Not installed', 'cloudpickle': '3.1.1', 'deprecation': '2.1.0', 'xxhash': '3.5.0', 'wurlitzer': 'Not installed'}, 'python': {'version': '3.11.9', 'machine': 'AMD64'}}
pickle: {'deps_info': {'pip': '25.0', 'setuptools': '75.8.0', 'pycaret': '3.3.2', 'IPython': '8.32.0', 'ipywidgets': '8.1.5', 'tqdm': '4.67.1', 'numpy': '1.24.4', 'pandas': '1.5.3', 'jinja2': '3.1.5', 'scipy': '1.11.4', 'joblib': '1.3.2', 'sklearn': '1.4.2', 'pyod': '2.0.3', 'imblearn': '0.13.0', 'category_encoders': '2.7.0', 'lightgbm': '4.6.0', 'numba': '0.61.0', 'requests': '2.32.3', 'matplotlib': '3.7.5', 'scikitplot': '0.3.7', 'yellowbrick': '1.5', 'plotly': '5.24.1', 'plotly-resampler': 'Not installed', 'kaleido': '0.2.1', 'schemdraw': '0.15', 'statsmodels': '0.14.4', 'sktime': '0.26.0', 'tbats': '1.1.3', 'pmdarima': '2.0.4', 'psutil': '7.0.0', 'markupsafe': '3.0.2', 'pickle5': 'Not installed', 'cloudpickle': '3.1.1', 'deprecation': '2.1.0', 'xxhash': '3.5.0', 'wurlitzer': 'Not installed'}, 'python': {'version': '3.11.11', 'machine': 'AMD64'}}
  warnings.warn(

2025-02-25 20:51:37,421:WARNING:
'cuml' is a soft dependency and not included in the pycaret installation. Please run: `pip install cuml` to install.
2025-02-25 20:51:37,421:WARNING:
'cuml' is a soft dependency and not included in the pycaret installation. Please run: `pip install cuml` to install.
2025-02-25 20:51:37,421:WARNING:
'cuml' is a soft dependency and not included in the pycaret installation. Please run: `pip install cuml` to install.
2025-02-25 20:51:37,421:WARNING:
'cuml' is a soft dependency and not included in the pycaret installation. Please run: `pip install cuml` to install.
2025-02-25 20:51:38,459:INFO:Initializing load_model()
2025-02-25 20:51:38,459:INFO:load_model(model_name=C:\Users\user\Downloads\mlops-assignment-main\mlops-assignment-main\xinrui/models/final_wheat_seeds_model, platform=None, authentication=None, verbose=True)
2025-02-25 20:51:38,646:WARNING:C:\Users\user\AppData\Local\Packages\PythonSoftwareFoundation.Python.3.11_qbz5n2kfra8p0\LocalCache\local-packages\Python311\site-packages\pycaret\internal\pipeline.py:148: UserWarning: Version mismatch:
current: {'deps_info': {'pip': '24.0', 'setuptools': '65.5.0', 'pycaret': '3.3.2', 'IPython': '8.28.0', 'ipywidgets': '8.1.5', 'tqdm': '4.67.1', 'numpy': '1.26.4', 'pandas': '2.1.4', 'jinja2': '3.1.4', 'scipy': '1.11.4', 'joblib': '1.3.2', 'sklearn': '1.4.2', 'pyod': '2.0.3', 'imblearn': '0.13.0', 'category_encoders': '2.7.0', 'lightgbm': '4.6.0', 'numba': '0.61.0', 'requests': '2.32.3', 'matplotlib': '3.7.5', 'scikitplot': '0.3.7', 'yellowbrick': '1.5', 'plotly': '5.24.1', 'plotly-resampler': 'Not installed', 'kaleido': '0.2.1', 'schemdraw': '0.15', 'statsmodels': '0.14.4', 'sktime': '0.26.0', 'tbats': '1.1.3', 'pmdarima': '2.0.4', 'psutil': '6.1.0', 'markupsafe': '3.0.2', 'pickle5': 'Not installed', 'cloudpickle': '3.1.1', 'deprecation': '2.1.0', 'xxhash': '3.5.0', 'wurlitzer': 'Not installed'}, 'python': {'version': '3.11.9', 'machine': 'AMD64'}}
pickle: {'deps_info': {'pip': '25.0', 'setuptools': '75.8.0', 'pycaret': '3.3.2', 'IPython': '8.32.0', 'ipywidgets': '8.1.5', 'tqdm': '4.67.1', 'numpy': '1.24.4', 'pandas': '1.5.3', 'jinja2': '3.1.5', 'scipy': '1.11.4', 'joblib': '1.3.2', 'sklearn': '1.4.2', 'pyod': '2.0.3', 'imblearn': '0.13.0', 'category_encoders': '2.7.0', 'lightgbm': '4.6.0', 'numba': '0.61.0', 'requests': '2.32.3', 'matplotlib': '3.7.5', 'scikitplot': '0.3.7', 'yellowbrick': '1.5', 'plotly': '5.24.1', 'plotly-resampler': 'Not installed', 'kaleido': '0.2.1', 'schemdraw': '0.15', 'statsmodels': '0.14.4', 'sktime': '0.26.0', 'tbats': '1.1.3', 'pmdarima': '2.0.4', 'psutil': '7.0.0', 'markupsafe': '3.0.2', 'pickle5': 'Not installed', 'cloudpickle': '3.1.1', 'deprecation': '2.1.0', 'xxhash': '3.5.0', 'wurlitzer': 'Not installed'}, 'python': {'version': '3.11.11', 'machine': 'AMD64'}}
  warnings.warn(

2025-02-25 20:51:42,627:WARNING:
'cuml' is a soft dependency and not included in the pycaret installation. Please run: `pip install cuml` to install.
2025-02-25 20:51:42,627:WARNING:
'cuml' is a soft dependency and not included in the pycaret installation. Please run: `pip install cuml` to install.
2025-02-25 20:51:42,627:WARNING:
'cuml' is a soft dependency and not included in the pycaret installation. Please run: `pip install cuml` to install.
2025-02-25 20:51:42,627:WARNING:
'cuml' is a soft dependency and not included in the pycaret installation. Please run: `pip install cuml` to install.
2025-02-25 20:51:43,686:INFO:Initializing load_model()
2025-02-25 20:51:43,686:INFO:load_model(model_name=C:\Users\user\Downloads\mlops-assignment-main\mlops-assignment-main\xinrui/models/final_wheat_seeds_model, platform=None, authentication=None, verbose=True)
2025-02-25 20:51:43,874:WARNING:C:\Users\user\AppData\Local\Packages\PythonSoftwareFoundation.Python.3.11_qbz5n2kfra8p0\LocalCache\local-packages\Python311\site-packages\pycaret\internal\pipeline.py:148: UserWarning: Version mismatch:
current: {'deps_info': {'pip': '24.0', 'setuptools': '65.5.0', 'pycaret': '3.3.2', 'IPython': '8.28.0', 'ipywidgets': '8.1.5', 'tqdm': '4.67.1', 'numpy': '1.26.4', 'pandas': '2.1.4', 'jinja2': '3.1.4', 'scipy': '1.11.4', 'joblib': '1.3.2', 'sklearn': '1.4.2', 'pyod': '2.0.3', 'imblearn': '0.13.0', 'category_encoders': '2.7.0', 'lightgbm': '4.6.0', 'numba': '0.61.0', 'requests': '2.32.3', 'matplotlib': '3.7.5', 'scikitplot': '0.3.7', 'yellowbrick': '1.5', 'plotly': '5.24.1', 'plotly-resampler': 'Not installed', 'kaleido': '0.2.1', 'schemdraw': '0.15', 'statsmodels': '0.14.4', 'sktime': '0.26.0', 'tbats': '1.1.3', 'pmdarima': '2.0.4', 'psutil': '6.1.0', 'markupsafe': '3.0.2', 'pickle5': 'Not installed', 'cloudpickle': '3.1.1', 'deprecation': '2.1.0', 'xxhash': '3.5.0', 'wurlitzer': 'Not installed'}, 'python': {'version': '3.11.9', 'machine': 'AMD64'}}
pickle: {'deps_info': {'pip': '25.0', 'setuptools': '75.8.0', 'pycaret': '3.3.2', 'IPython': '8.32.0', 'ipywidgets': '8.1.5', 'tqdm': '4.67.1', 'numpy': '1.24.4', 'pandas': '1.5.3', 'jinja2': '3.1.5', 'scipy': '1.11.4', 'joblib': '1.3.2', 'sklearn': '1.4.2', 'pyod': '2.0.3', 'imblearn': '0.13.0', 'category_encoders': '2.7.0', 'lightgbm': '4.6.0', 'numba': '0.61.0', 'requests': '2.32.3', 'matplotlib': '3.7.5', 'scikitplot': '0.3.7', 'yellowbrick': '1.5', 'plotly': '5.24.1', 'plotly-resampler': 'Not installed', 'kaleido': '0.2.1', 'schemdraw': '0.15', 'statsmodels': '0.14.4', 'sktime': '0.26.0', 'tbats': '1.1.3', 'pmdarima': '2.0.4', 'psutil': '7.0.0', 'markupsafe': '3.0.2', 'pickle5': 'Not installed', 'cloudpickle': '3.1.1', 'deprecation': '2.1.0', 'xxhash': '3.5.0', 'wurlitzer': 'Not installed'}, 'python': {'version': '3.11.11', 'machine': 'AMD64'}}
  warnings.warn(

2025-02-25 20:52:04,018:WARNING:
'cuml' is a soft dependency and not included in the pycaret installation. Please run: `pip install cuml` to install.
2025-02-25 20:52:04,018:WARNING:
'cuml' is a soft dependency and not included in the pycaret installation. Please run: `pip install cuml` to install.
2025-02-25 20:52:04,018:WARNING:
'cuml' is a soft dependency and not included in the pycaret installation. Please run: `pip install cuml` to install.
2025-02-25 20:52:04,018:WARNING:
'cuml' is a soft dependency and not included in the pycaret installation. Please run: `pip install cuml` to install.
2025-02-25 20:52:05,080:INFO:Initializing load_model()
2025-02-25 20:52:05,080:INFO:load_model(model_name=C:\Users\user\Downloads\mlops-assignment-main\mlops-assignment-main\xinrui/models/final_wheat_seeds_model, platform=None, authentication=None, verbose=True)
2025-02-25 20:52:05,284:WARNING:C:\Users\user\AppData\Local\Packages\PythonSoftwareFoundation.Python.3.11_qbz5n2kfra8p0\LocalCache\local-packages\Python311\site-packages\pycaret\internal\pipeline.py:148: UserWarning: Version mismatch:
current: {'deps_info': {'pip': '24.0', 'setuptools': '65.5.0', 'pycaret': '3.3.2', 'IPython': '8.28.0', 'ipywidgets': '8.1.5', 'tqdm': '4.67.1', 'numpy': '1.26.4', 'pandas': '2.1.4', 'jinja2': '3.1.4', 'scipy': '1.11.4', 'joblib': '1.3.2', 'sklearn': '1.4.2', 'pyod': '2.0.3', 'imblearn': '0.13.0', 'category_encoders': '2.7.0', 'lightgbm': '4.6.0', 'numba': '0.61.0', 'requests': '2.32.3', 'matplotlib': '3.7.5', 'scikitplot': '0.3.7', 'yellowbrick': '1.5', 'plotly': '5.24.1', 'plotly-resampler': 'Not installed', 'kaleido': '0.2.1', 'schemdraw': '0.15', 'statsmodels': '0.14.4', 'sktime': '0.26.0', 'tbats': '1.1.3', 'pmdarima': '2.0.4', 'psutil': '6.1.0', 'markupsafe': '3.0.2', 'pickle5': 'Not installed', 'cloudpickle': '3.1.1', 'deprecation': '2.1.0', 'xxhash': '3.5.0', 'wurlitzer': 'Not installed'}, 'python': {'version': '3.11.9', 'machine': 'AMD64'}}
pickle: {'deps_info': {'pip': '25.0', 'setuptools': '75.8.0', 'pycaret': '3.3.2', 'IPython': '8.32.0', 'ipywidgets': '8.1.5', 'tqdm': '4.67.1', 'numpy': '1.24.4', 'pandas': '1.5.3', 'jinja2': '3.1.5', 'scipy': '1.11.4', 'joblib': '1.3.2', 'sklearn': '1.4.2', 'pyod': '2.0.3', 'imblearn': '0.13.0', 'category_encoders': '2.7.0', 'lightgbm': '4.6.0', 'numba': '0.61.0', 'requests': '2.32.3', 'matplotlib': '3.7.5', 'scikitplot': '0.3.7', 'yellowbrick': '1.5', 'plotly': '5.24.1', 'plotly-resampler': 'Not installed', 'kaleido': '0.2.1', 'schemdraw': '0.15', 'statsmodels': '0.14.4', 'sktime': '0.26.0', 'tbats': '1.1.3', 'pmdarima': '2.0.4', 'psutil': '7.0.0', 'markupsafe': '3.0.2', 'pickle5': 'Not installed', 'cloudpickle': '3.1.1', 'deprecation': '2.1.0', 'xxhash': '3.5.0', 'wurlitzer': 'Not installed'}, 'python': {'version': '3.11.11', 'machine': 'AMD64'}}
  warnings.warn(

2025-02-25 20:52:09,233:WARNING:
'cuml' is a soft dependency and not included in the pycaret installation. Please run: `pip install cuml` to install.
2025-02-25 20:52:09,233:WARNING:
'cuml' is a soft dependency and not included in the pycaret installation. Please run: `pip install cuml` to install.
2025-02-25 20:52:09,233:WARNING:
'cuml' is a soft dependency and not included in the pycaret installation. Please run: `pip install cuml` to install.
2025-02-25 20:52:09,233:WARNING:
'cuml' is a soft dependency and not included in the pycaret installation. Please run: `pip install cuml` to install.
2025-02-25 20:52:10,254:INFO:Initializing load_model()
2025-02-25 20:52:10,254:INFO:load_model(model_name=C:\Users\user\Downloads\mlops-assignment-main\mlops-assignment-main\xinrui/models/final_wheat_seeds_model, platform=None, authentication=None, verbose=True)
2025-02-25 20:52:10,434:WARNING:C:\Users\user\AppData\Local\Packages\PythonSoftwareFoundation.Python.3.11_qbz5n2kfra8p0\LocalCache\local-packages\Python311\site-packages\pycaret\internal\pipeline.py:148: UserWarning: Version mismatch:
current: {'deps_info': {'pip': '24.0', 'setuptools': '65.5.0', 'pycaret': '3.3.2', 'IPython': '8.28.0', 'ipywidgets': '8.1.5', 'tqdm': '4.67.1', 'numpy': '1.26.4', 'pandas': '2.1.4', 'jinja2': '3.1.4', 'scipy': '1.11.4', 'joblib': '1.3.2', 'sklearn': '1.4.2', 'pyod': '2.0.3', 'imblearn': '0.13.0', 'category_encoders': '2.7.0', 'lightgbm': '4.6.0', 'numba': '0.61.0', 'requests': '2.32.3', 'matplotlib': '3.7.5', 'scikitplot': '0.3.7', 'yellowbrick': '1.5', 'plotly': '5.24.1', 'plotly-resampler': 'Not installed', 'kaleido': '0.2.1', 'schemdraw': '0.15', 'statsmodels': '0.14.4', 'sktime': '0.26.0', 'tbats': '1.1.3', 'pmdarima': '2.0.4', 'psutil': '6.1.0', 'markupsafe': '3.0.2', 'pickle5': 'Not installed', 'cloudpickle': '3.1.1', 'deprecation': '2.1.0', 'xxhash': '3.5.0', 'wurlitzer': 'Not installed'}, 'python': {'version': '3.11.9', 'machine': 'AMD64'}}
pickle: {'deps_info': {'pip': '25.0', 'setuptools': '75.8.0', 'pycaret': '3.3.2', 'IPython': '8.32.0', 'ipywidgets': '8.1.5', 'tqdm': '4.67.1', 'numpy': '1.24.4', 'pandas': '1.5.3', 'jinja2': '3.1.5', 'scipy': '1.11.4', 'joblib': '1.3.2', 'sklearn': '1.4.2', 'pyod': '2.0.3', 'imblearn': '0.13.0', 'category_encoders': '2.7.0', 'lightgbm': '4.6.0', 'numba': '0.61.0', 'requests': '2.32.3', 'matplotlib': '3.7.5', 'scikitplot': '0.3.7', 'yellowbrick': '1.5', 'plotly': '5.24.1', 'plotly-resampler': 'Not installed', 'kaleido': '0.2.1', 'schemdraw': '0.15', 'statsmodels': '0.14.4', 'sktime': '0.26.0', 'tbats': '1.1.3', 'pmdarima': '2.0.4', 'psutil': '7.0.0', 'markupsafe': '3.0.2', 'pickle5': 'Not installed', 'cloudpickle': '3.1.1', 'deprecation': '2.1.0', 'xxhash': '3.5.0', 'wurlitzer': 'Not installed'}, 'python': {'version': '3.11.11', 'machine': 'AMD64'}}
  warnings.warn(

2025-02-25 20:52:55,912:WARNING:
'cuml' is a soft dependency and not included in the pycaret installation. Please run: `pip install cuml` to install.
2025-02-25 20:52:55,912:WARNING:
'cuml' is a soft dependency and not included in the pycaret installation. Please run: `pip install cuml` to install.
2025-02-25 20:52:55,912:WARNING:
'cuml' is a soft dependency and not included in the pycaret installation. Please run: `pip install cuml` to install.
2025-02-25 20:52:55,912:WARNING:
'cuml' is a soft dependency and not included in the pycaret installation. Please run: `pip install cuml` to install.
2025-02-25 20:52:57,083:INFO:Initializing load_model()
2025-02-25 20:52:57,083:INFO:load_model(model_name=C:\Users\user\Downloads\mlops-assignment-main\mlops-assignment-main\xinrui/models/final_wheat_seeds_model, platform=None, authentication=None, verbose=True)
2025-02-25 20:52:57,302:WARNING:C:\Users\user\AppData\Local\Packages\PythonSoftwareFoundation.Python.3.11_qbz5n2kfra8p0\LocalCache\local-packages\Python311\site-packages\pycaret\internal\pipeline.py:148: UserWarning: Version mismatch:
current: {'deps_info': {'pip': '24.0', 'setuptools': '65.5.0', 'pycaret': '3.3.2', 'IPython': '8.28.0', 'ipywidgets': '8.1.5', 'tqdm': '4.67.1', 'numpy': '1.26.4', 'pandas': '2.1.4', 'jinja2': '3.1.4', 'scipy': '1.11.4', 'joblib': '1.3.2', 'sklearn': '1.4.2', 'pyod': '2.0.3', 'imblearn': '0.13.0', 'category_encoders': '2.7.0', 'lightgbm': '4.6.0', 'numba': '0.61.0', 'requests': '2.32.3', 'matplotlib': '3.7.5', 'scikitplot': '0.3.7', 'yellowbrick': '1.5', 'plotly': '5.24.1', 'plotly-resampler': 'Not installed', 'kaleido': '0.2.1', 'schemdraw': '0.15', 'statsmodels': '0.14.4', 'sktime': '0.26.0', 'tbats': '1.1.3', 'pmdarima': '2.0.4', 'psutil': '6.1.0', 'markupsafe': '3.0.2', 'pickle5': 'Not installed', 'cloudpickle': '3.1.1', 'deprecation': '2.1.0', 'xxhash': '3.5.0', 'wurlitzer': 'Not installed'}, 'python': {'version': '3.11.9', 'machine': 'AMD64'}}
pickle: {'deps_info': {'pip': '25.0', 'setuptools': '75.8.0', 'pycaret': '3.3.2', 'IPython': '8.32.0', 'ipywidgets': '8.1.5', 'tqdm': '4.67.1', 'numpy': '1.24.4', 'pandas': '1.5.3', 'jinja2': '3.1.5', 'scipy': '1.11.4', 'joblib': '1.3.2', 'sklearn': '1.4.2', 'pyod': '2.0.3', 'imblearn': '0.13.0', 'category_encoders': '2.7.0', 'lightgbm': '4.6.0', 'numba': '0.61.0', 'requests': '2.32.3', 'matplotlib': '3.7.5', 'scikitplot': '0.3.7', 'yellowbrick': '1.5', 'plotly': '5.24.1', 'plotly-resampler': 'Not installed', 'kaleido': '0.2.1', 'schemdraw': '0.15', 'statsmodels': '0.14.4', 'sktime': '0.26.0', 'tbats': '1.1.3', 'pmdarima': '2.0.4', 'psutil': '7.0.0', 'markupsafe': '3.0.2', 'pickle5': 'Not installed', 'cloudpickle': '3.1.1', 'deprecation': '2.1.0', 'xxhash': '3.5.0', 'wurlitzer': 'Not installed'}, 'python': {'version': '3.11.11', 'machine': 'AMD64'}}
  warnings.warn(

2025-02-25 20:53:01,769:WARNING:
'cuml' is a soft dependency and not included in the pycaret installation. Please run: `pip install cuml` to install.
2025-02-25 20:53:01,769:WARNING:
'cuml' is a soft dependency and not included in the pycaret installation. Please run: `pip install cuml` to install.
2025-02-25 20:53:01,769:WARNING:
'cuml' is a soft dependency and not included in the pycaret installation. Please run: `pip install cuml` to install.
2025-02-25 20:53:01,769:WARNING:
'cuml' is a soft dependency and not included in the pycaret installation. Please run: `pip install cuml` to install.
2025-02-25 20:53:02,835:INFO:Initializing load_model()
2025-02-25 20:53:02,835:INFO:load_model(model_name=C:\Users\user\Downloads\mlops-assignment-main\mlops-assignment-main\xinrui/models/final_wheat_seeds_model, platform=None, authentication=None, verbose=True)
2025-02-25 20:53:03,007:WARNING:C:\Users\user\AppData\Local\Packages\PythonSoftwareFoundation.Python.3.11_qbz5n2kfra8p0\LocalCache\local-packages\Python311\site-packages\pycaret\internal\pipeline.py:148: UserWarning: Version mismatch:
current: {'deps_info': {'pip': '24.0', 'setuptools': '65.5.0', 'pycaret': '3.3.2', 'IPython': '8.28.0', 'ipywidgets': '8.1.5', 'tqdm': '4.67.1', 'numpy': '1.26.4', 'pandas': '2.1.4', 'jinja2': '3.1.4', 'scipy': '1.11.4', 'joblib': '1.3.2', 'sklearn': '1.4.2', 'pyod': '2.0.3', 'imblearn': '0.13.0', 'category_encoders': '2.7.0', 'lightgbm': '4.6.0', 'numba': '0.61.0', 'requests': '2.32.3', 'matplotlib': '3.7.5', 'scikitplot': '0.3.7', 'yellowbrick': '1.5', 'plotly': '5.24.1', 'plotly-resampler': 'Not installed', 'kaleido': '0.2.1', 'schemdraw': '0.15', 'statsmodels': '0.14.4', 'sktime': '0.26.0', 'tbats': '1.1.3', 'pmdarima': '2.0.4', 'psutil': '6.1.0', 'markupsafe': '3.0.2', 'pickle5': 'Not installed', 'cloudpickle': '3.1.1', 'deprecation': '2.1.0', 'xxhash': '3.5.0', 'wurlitzer': 'Not installed'}, 'python': {'version': '3.11.9', 'machine': 'AMD64'}}
pickle: {'deps_info': {'pip': '25.0', 'setuptools': '75.8.0', 'pycaret': '3.3.2', 'IPython': '8.32.0', 'ipywidgets': '8.1.5', 'tqdm': '4.67.1', 'numpy': '1.24.4', 'pandas': '1.5.3', 'jinja2': '3.1.5', 'scipy': '1.11.4', 'joblib': '1.3.2', 'sklearn': '1.4.2', 'pyod': '2.0.3', 'imblearn': '0.13.0', 'category_encoders': '2.7.0', 'lightgbm': '4.6.0', 'numba': '0.61.0', 'requests': '2.32.3', 'matplotlib': '3.7.5', 'scikitplot': '0.3.7', 'yellowbrick': '1.5', 'plotly': '5.24.1', 'plotly-resampler': 'Not installed', 'kaleido': '0.2.1', 'schemdraw': '0.15', 'statsmodels': '0.14.4', 'sktime': '0.26.0', 'tbats': '1.1.3', 'pmdarima': '2.0.4', 'psutil': '7.0.0', 'markupsafe': '3.0.2', 'pickle5': 'Not installed', 'cloudpickle': '3.1.1', 'deprecation': '2.1.0', 'xxhash': '3.5.0', 'wurlitzer': 'Not installed'}, 'python': {'version': '3.11.11', 'machine': 'AMD64'}}
  warnings.warn(

2025-02-25 20:55:19,545:WARNING:
'cuml' is a soft dependency and not included in the pycaret installation. Please run: `pip install cuml` to install.
2025-02-25 20:55:19,545:WARNING:
'cuml' is a soft dependency and not included in the pycaret installation. Please run: `pip install cuml` to install.
2025-02-25 20:55:19,545:WARNING:
'cuml' is a soft dependency and not included in the pycaret installation. Please run: `pip install cuml` to install.
2025-02-25 20:55:19,545:WARNING:
'cuml' is a soft dependency and not included in the pycaret installation. Please run: `pip install cuml` to install.
2025-02-25 20:55:20,659:INFO:Initializing load_model()
2025-02-25 20:55:20,659:INFO:load_model(model_name=C:\Users\user\Downloads\mlops-assignment-main\mlops-assignment-main\xinrui/models/final_wheat_seeds_model, platform=None, authentication=None, verbose=True)
2025-02-25 20:55:20,862:WARNING:C:\Users\user\AppData\Local\Packages\PythonSoftwareFoundation.Python.3.11_qbz5n2kfra8p0\LocalCache\local-packages\Python311\site-packages\pycaret\internal\pipeline.py:148: UserWarning: Version mismatch:
current: {'deps_info': {'pip': '24.0', 'setuptools': '65.5.0', 'pycaret': '3.3.2', 'IPython': '8.28.0', 'ipywidgets': '8.1.5', 'tqdm': '4.67.1', 'numpy': '1.26.4', 'pandas': '2.1.4', 'jinja2': '3.1.4', 'scipy': '1.11.4', 'joblib': '1.3.2', 'sklearn': '1.4.2', 'pyod': '2.0.3', 'imblearn': '0.13.0', 'category_encoders': '2.7.0', 'lightgbm': '4.6.0', 'numba': '0.61.0', 'requests': '2.32.3', 'matplotlib': '3.7.5', 'scikitplot': '0.3.7', 'yellowbrick': '1.5', 'plotly': '5.24.1', 'plotly-resampler': 'Not installed', 'kaleido': '0.2.1', 'schemdraw': '0.15', 'statsmodels': '0.14.4', 'sktime': '0.26.0', 'tbats': '1.1.3', 'pmdarima': '2.0.4', 'psutil': '6.1.0', 'markupsafe': '3.0.2', 'pickle5': 'Not installed', 'cloudpickle': '3.1.1', 'deprecation': '2.1.0', 'xxhash': '3.5.0', 'wurlitzer': 'Not installed'}, 'python': {'version': '3.11.9', 'machine': 'AMD64'}}
pickle: {'deps_info': {'pip': '25.0', 'setuptools': '75.8.0', 'pycaret': '3.3.2', 'IPython': '8.32.0', 'ipywidgets': '8.1.5', 'tqdm': '4.67.1', 'numpy': '1.24.4', 'pandas': '1.5.3', 'jinja2': '3.1.5', 'scipy': '1.11.4', 'joblib': '1.3.2', 'sklearn': '1.4.2', 'pyod': '2.0.3', 'imblearn': '0.13.0', 'category_encoders': '2.7.0', 'lightgbm': '4.6.0', 'numba': '0.61.0', 'requests': '2.32.3', 'matplotlib': '3.7.5', 'scikitplot': '0.3.7', 'yellowbrick': '1.5', 'plotly': '5.24.1', 'plotly-resampler': 'Not installed', 'kaleido': '0.2.1', 'schemdraw': '0.15', 'statsmodels': '0.14.4', 'sktime': '0.26.0', 'tbats': '1.1.3', 'pmdarima': '2.0.4', 'psutil': '7.0.0', 'markupsafe': '3.0.2', 'pickle5': 'Not installed', 'cloudpickle': '3.1.1', 'deprecation': '2.1.0', 'xxhash': '3.5.0', 'wurlitzer': 'Not installed'}, 'python': {'version': '3.11.11', 'machine': 'AMD64'}}
  warnings.warn(

2025-02-25 20:55:46,996:WARNING:
'cuml' is a soft dependency and not included in the pycaret installation. Please run: `pip install cuml` to install.
2025-02-25 20:55:46,996:WARNING:
'cuml' is a soft dependency and not included in the pycaret installation. Please run: `pip install cuml` to install.
2025-02-25 20:55:46,996:WARNING:
'cuml' is a soft dependency and not included in the pycaret installation. Please run: `pip install cuml` to install.
2025-02-25 20:55:46,996:WARNING:
'cuml' is a soft dependency and not included in the pycaret installation. Please run: `pip install cuml` to install.
2025-02-25 20:55:47,933:INFO:Initializing load_model()
2025-02-25 20:55:47,933:INFO:load_model(model_name=C:\Users\user\Downloads\mlops-assignment-main\mlops-assignment-main\xinrui/models/final_wheat_seeds_model, platform=None, authentication=None, verbose=True)
2025-02-25 20:55:48,105:WARNING:C:\Users\user\AppData\Local\Packages\PythonSoftwareFoundation.Python.3.11_qbz5n2kfra8p0\LocalCache\local-packages\Python311\site-packages\pycaret\internal\pipeline.py:148: UserWarning: Version mismatch:
current: {'deps_info': {'pip': '24.0', 'setuptools': '65.5.0', 'pycaret': '3.3.2', 'IPython': '8.28.0', 'ipywidgets': '8.1.5', 'tqdm': '4.67.1', 'numpy': '1.26.4', 'pandas': '2.1.4', 'jinja2': '3.1.4', 'scipy': '1.11.4', 'joblib': '1.3.2', 'sklearn': '1.4.2', 'pyod': '2.0.3', 'imblearn': '0.13.0', 'category_encoders': '2.7.0', 'lightgbm': '4.6.0', 'numba': '0.61.0', 'requests': '2.32.3', 'matplotlib': '3.7.5', 'scikitplot': '0.3.7', 'yellowbrick': '1.5', 'plotly': '5.24.1', 'plotly-resampler': 'Not installed', 'kaleido': '0.2.1', 'schemdraw': '0.15', 'statsmodels': '0.14.4', 'sktime': '0.26.0', 'tbats': '1.1.3', 'pmdarima': '2.0.4', 'psutil': '6.1.0', 'markupsafe': '3.0.2', 'pickle5': 'Not installed', 'cloudpickle': '3.1.1', 'deprecation': '2.1.0', 'xxhash': '3.5.0', 'wurlitzer': 'Not installed'}, 'python': {'version': '3.11.9', 'machine': 'AMD64'}}
pickle: {'deps_info': {'pip': '25.0', 'setuptools': '75.8.0', 'pycaret': '3.3.2', 'IPython': '8.32.0', 'ipywidgets': '8.1.5', 'tqdm': '4.67.1', 'numpy': '1.24.4', 'pandas': '1.5.3', 'jinja2': '3.1.5', 'scipy': '1.11.4', 'joblib': '1.3.2', 'sklearn': '1.4.2', 'pyod': '2.0.3', 'imblearn': '0.13.0', 'category_encoders': '2.7.0', 'lightgbm': '4.6.0', 'numba': '0.61.0', 'requests': '2.32.3', 'matplotlib': '3.7.5', 'scikitplot': '0.3.7', 'yellowbrick': '1.5', 'plotly': '5.24.1', 'plotly-resampler': 'Not installed', 'kaleido': '0.2.1', 'schemdraw': '0.15', 'statsmodels': '0.14.4', 'sktime': '0.26.0', 'tbats': '1.1.3', 'pmdarima': '2.0.4', 'psutil': '7.0.0', 'markupsafe': '3.0.2', 'pickle5': 'Not installed', 'cloudpickle': '3.1.1', 'deprecation': '2.1.0', 'xxhash': '3.5.0', 'wurlitzer': 'Not installed'}, 'python': {'version': '3.11.11', 'machine': 'AMD64'}}
  warnings.warn(

2025-02-25 20:55:51,304:WARNING:
'cuml' is a soft dependency and not included in the pycaret installation. Please run: `pip install cuml` to install.
2025-02-25 20:55:51,304:WARNING:
'cuml' is a soft dependency and not included in the pycaret installation. Please run: `pip install cuml` to install.
2025-02-25 20:55:51,304:WARNING:
'cuml' is a soft dependency and not included in the pycaret installation. Please run: `pip install cuml` to install.
2025-02-25 20:55:51,304:WARNING:
'cuml' is a soft dependency and not included in the pycaret installation. Please run: `pip install cuml` to install.
2025-02-25 20:55:52,322:INFO:Initializing load_model()
2025-02-25 20:55:52,323:INFO:load_model(model_name=C:\Users\user\Downloads\mlops-assignment-main\mlops-assignment-main\xinrui/models/final_wheat_seeds_model, platform=None, authentication=None, verbose=True)
2025-02-25 20:55:52,503:WARNING:C:\Users\user\AppData\Local\Packages\PythonSoftwareFoundation.Python.3.11_qbz5n2kfra8p0\LocalCache\local-packages\Python311\site-packages\pycaret\internal\pipeline.py:148: UserWarning: Version mismatch:
current: {'deps_info': {'pip': '24.0', 'setuptools': '65.5.0', 'pycaret': '3.3.2', 'IPython': '8.28.0', 'ipywidgets': '8.1.5', 'tqdm': '4.67.1', 'numpy': '1.26.4', 'pandas': '2.1.4', 'jinja2': '3.1.4', 'scipy': '1.11.4', 'joblib': '1.3.2', 'sklearn': '1.4.2', 'pyod': '2.0.3', 'imblearn': '0.13.0', 'category_encoders': '2.7.0', 'lightgbm': '4.6.0', 'numba': '0.61.0', 'requests': '2.32.3', 'matplotlib': '3.7.5', 'scikitplot': '0.3.7', 'yellowbrick': '1.5', 'plotly': '5.24.1', 'plotly-resampler': 'Not installed', 'kaleido': '0.2.1', 'schemdraw': '0.15', 'statsmodels': '0.14.4', 'sktime': '0.26.0', 'tbats': '1.1.3', 'pmdarima': '2.0.4', 'psutil': '6.1.0', 'markupsafe': '3.0.2', 'pickle5': 'Not installed', 'cloudpickle': '3.1.1', 'deprecation': '2.1.0', 'xxhash': '3.5.0', 'wurlitzer': 'Not installed'}, 'python': {'version': '3.11.9', 'machine': 'AMD64'}}
pickle: {'deps_info': {'pip': '25.0', 'setuptools': '75.8.0', 'pycaret': '3.3.2', 'IPython': '8.32.0', 'ipywidgets': '8.1.5', 'tqdm': '4.67.1', 'numpy': '1.24.4', 'pandas': '1.5.3', 'jinja2': '3.1.5', 'scipy': '1.11.4', 'joblib': '1.3.2', 'sklearn': '1.4.2', 'pyod': '2.0.3', 'imblearn': '0.13.0', 'category_encoders': '2.7.0', 'lightgbm': '4.6.0', 'numba': '0.61.0', 'requests': '2.32.3', 'matplotlib': '3.7.5', 'scikitplot': '0.3.7', 'yellowbrick': '1.5', 'plotly': '5.24.1', 'plotly-resampler': 'Not installed', 'kaleido': '0.2.1', 'schemdraw': '0.15', 'statsmodels': '0.14.4', 'sktime': '0.26.0', 'tbats': '1.1.3', 'pmdarima': '2.0.4', 'psutil': '7.0.0', 'markupsafe': '3.0.2', 'pickle5': 'Not installed', 'cloudpickle': '3.1.1', 'deprecation': '2.1.0', 'xxhash': '3.5.0', 'wurlitzer': 'Not installed'}, 'python': {'version': '3.11.11', 'machine': 'AMD64'}}
  warnings.warn(

